<?xml version="1.0" encoding="UTF-8"?>
<!-- Generated by org.testng.reporters.JUnitXMLReporter -->
<testsuite ignored="0" hostname="JACK-PC" failures="5" tests="10" name="suite1-test1" time="0.116" errors="0" timestamp="2022-03-12T10:32:50 ICT">
  <testcase classname="Bai1.TestClass1" name="t1" time="0.012">
    <failure type="java.lang.AssertionError" message="expected [true] but found [false]">
      <![CDATA[java.lang.AssertionError: expected [true] but found [false]
at Bai1.TestClass1.t1(TestClass1.java:11)
at java.base/java.util.ArrayList.forEach(ArrayList.java:1541)
... Removed 32 stack frames]]>
    </failure>
  </testcase> <!-- t1 -->
  <testcase classname="Bai1.TestClass1" name="t2" time="0.002">
    <failure type="java.lang.AssertionError" message="expected [true] but found [false]">
      <![CDATA[java.lang.AssertionError: expected [true] but found [false]
at Bai1.TestClass1.t2(TestClass1.java:16)
at java.base/java.util.ArrayList.forEach(ArrayList.java:1541)
... Removed 32 stack frames]]>
    </failure>
  </testcase> <!-- t2 -->
  <testcase classname="Bai1.TestClass1" name="t3" time="0.002"/>
  <testcase classname="Bai1.TestClass1" name="t4" time="0.004"/>
  <testcase classname="Bai1.TestClass1" name="t5" time="0.001">
    <failure type="java.lang.AssertionError" message="expected [true] but found [false]">
      <![CDATA[java.lang.AssertionError: expected [true] but found [false]
at Bai1.TestClass1.t5(TestClass1.java:29)
at java.base/java.util.ArrayList.forEach(ArrayList.java:1541)
... Removed 32 stack frames]]>
    </failure>
  </testcase> <!-- t5 -->
  <testcase classname="Bai1.TestClass1" name="t5" time="0.002">
    <failure type="java.lang.AssertionError" message="expected [true] but found [false]">
      <![CDATA[java.lang.AssertionError: expected [true] but found [false]
at Bai1.TestClass1.t5(TestClass1.java:29)
at java.base/java.util.ArrayList.forEach(ArrayList.java:1541)
... Removed 32 stack frames]]>
    </failure>
  </testcase> <!-- t5 -->
  <testcase classname="Bai1.TestClass2" name="c1" time="0.002"/>
  <testcase classname="Bai1.TestClass2" name="c2" time="0.005"/>
  <testcase classname="Bai1.TestClass2" name="c3" time="0.002"/>
  <testcase classname="Bai1.TestClass2" name="c4" time="0.005">
    <failure type="java.lang.AssertionError" message="expected [true] but found [false]">
      <![CDATA[java.lang.AssertionError: expected [true] but found [false]
at Bai1.TestClass2.c4(TestClass2.java:25)
at java.base/java.util.ArrayList.forEach(ArrayList.java:1541)
... Removed 32 stack frames]]>
    </failure>
  </testcase> <!-- c4 -->
</testsuite> <!-- suite1-test1 -->
