<?xml version="1.0" encoding="UTF-8"?>
<!-- Generated by org.testng.reporters.JUnitXMLReporter -->
<testsuite ignored="0" hostname="JACK-PC" failures="1" tests="4" name="suite1-test2" time="0.014" errors="0" timestamp="2022-03-12T10:32:50 ICT">
  <testcase classname="Bai1.TestClass3" name="d1" time="0.001"/>
  <testcase classname="Bai1.TestClass3" name="d2" time="0.001"/>
  <testcase classname="Bai1.FactoryInstantiatedTestClass" name="FactoryInstantiatedTestClass-TestNG" time="0.001"/>
  <testcase classname="Bai1.FactoryInstantiatedTestClass" name="FactoryInstantiatedTestClass-Reports" time="0.002">
    <failure type="java.lang.AssertionError" message="expected [true] but found [false]">
      <![CDATA[java.lang.AssertionError: expected [true] but found [false]
at Bai1.FactoryInstantiatedTestClass.f(FactoryInstantiatedTestClass.java:28)
at java.base/java.util.ArrayList.forEach(ArrayList.java:1541)
... Removed 32 stack frames]]>
    </failure>
  </testcase> <!-- FactoryInstantiatedTestClass-Reports -->
</testsuite> <!-- suite1-test2 -->
