<?xml version="1.0" encoding="UTF-8"?>
<!-- Generated by org.testng.reporters.JUnitXMLReporter -->
<testsuite ignored="0" hostname="JACK-PC" failures="0" tests="4" name="testing" time="0.116" errors="0" timestamp="2022-03-11T22:53:46 ICT">
  <testcase classname="Bai3.groupExamples" name="testCaseFour" time="0.012"/>
  <testcase classname="Bai3.groupExamples" name="testCaseOne" time="0.002"/>
  <testcase classname="Bai3.groupExamples" name="testCaseThree" time="0.002"/>
  <testcase classname="Bai3.groupExamples" name="testCaseTwo" time="0.002"/>
</testsuite> <!-- testing -->
