<?xml version="1.0" encoding="UTF-8"?>
<testng-results ignored="0" total="1" passed="1" failed="0" skipped="0">
  <reporter-output>
  </reporter-output>
  <suite started-at="2022-03-11T20:06:47 ICT" name="Default suite" finished-at="2022-03-11T20:06:47 ICT" duration-ms="62">
    <groups>
    </groups>
    <test started-at="2022-03-11T20:06:47 ICT" name="Default test" finished-at="2022-03-11T20:06:47 ICT" duration-ms="62">
      <class name="Bai3.TestVatCalculator">
        <test-method signature="testGetVatOnAmount()[pri:0, instance:Bai3.TestVatCalculator@7bab3f1a]" started-at="2022-03-11T20:06:47 ICT" name="testGetVatOnAmount" finished-at="2022-03-11T20:06:47 ICT" duration-ms="13" status="PASS">
          <reporter-output>
          </reporter-output>
        </test-method> <!-- testGetVatOnAmount -->
      </class> <!-- Bai3.TestVatCalculator -->
    </test> <!-- Default test -->
  </suite> <!-- Default suite -->
</testng-results>
