<?xml version="1.0" encoding="UTF-8"?>
<testng-results ignored="0" total="1" passed="1" failed="0" skipped="0">
  <reporter-output>
  </reporter-output>
  <suite started-at="2022-04-04T13:53:27 ICT" name="Default suite" finished-at="2022-04-04T13:53:36 ICT" duration-ms="8641">
    <groups>
    </groups>
    <test started-at="2022-04-04T13:53:27 ICT" name="Default test" finished-at="2022-04-04T13:53:36 ICT" duration-ms="8641">
      <class name="Bai1.firsttestngfile">
        <test-method is-config="true" signature="launchBrowser()[pri:0, instance:Bai1.firsttestngfile@82de64a]" started-at="2022-04-04T13:53:27 ICT" name="launchBrowser" finished-at="2022-04-04T13:53:35 ICT" duration-ms="8227" status="PASS">
          <reporter-output>
          </reporter-output>
        </test-method> <!-- launchBrowser -->
        <test-method signature="verifyHomePageTitle()[pri:0, instance:Bai1.firsttestngfile@82de64a]" started-at="2022-04-04T13:53:35 ICT" name="verifyHomePageTitle" finished-at="2022-04-04T13:53:35 ICT" duration-ms="174" status="PASS">
          <reporter-output>
          </reporter-output>
        </test-method> <!-- verifyHomePageTitle -->
        <test-method is-config="true" signature="terminateBrowser()[pri:0, instance:Bai1.firsttestngfile@82de64a]" started-at="2022-04-04T13:53:35 ICT" name="terminateBrowser" finished-at="2022-04-04T13:53:36 ICT" duration-ms="143" status="PASS">
          <reporter-output>
          </reporter-output>
        </test-method> <!-- terminateBrowser -->
      </class> <!-- Bai1.firsttestngfile -->
    </test> <!-- Default test -->
  </suite> <!-- Default suite -->
</testng-results>
