<?xml version="1.0" encoding="UTF-8"?>
<!-- Generated by org.testng.reporters.JUnitXMLReporter -->
<testsuite ignored="0" hostname="JACK-PC" failures="0" tests="4" name="Regression suite 1" time="0.101" errors="0" timestamp="2022-03-11T22:49:11 ICT">
  <testcase classname="Bai2_fpoly.demoOne" name="firstTestCase" time="0.014"/>
  <testcase classname="Bai2_fpoly.demoOne" name="secondTestCase" time="0.006"/>
  <testcase classname="Bai2_fpoly.demoTwo" name="firstTestCase" time="0.002"/>
  <testcase classname="Bai2_fpoly.demoTwo" name="secondTestCase" time="0.004"/>
</testsuite> <!-- Regression suite 1 -->
