<?xml version="1.0" encoding="UTF-8"?>
<testng-results ignored="0" total="4" passed="4" failed="0" skipped="0">
  <reporter-output>
  </reporter-output>
  <suite started-at="2022-03-11T22:53:46 ICT" name="Sample Suite" finished-at="2022-03-11T22:53:46 ICT" duration-ms="116">
    <groups>
      <group name="Regression">
        <method signature="groupExamples.testCaseFour()[pri:0, instance:Bai3.groupExamples@31fa1761]" name="testCaseFour" class="Bai3.groupExamples"/>
        <method signature="groupExamples.testCaseOne()[pri:0, instance:Bai3.groupExamples@31fa1761]" name="testCaseOne" class="Bai3.groupExamples"/>
        <method signature="groupExamples.testCaseThree()[pri:0, instance:Bai3.groupExamples@31fa1761]" name="testCaseThree" class="Bai3.groupExamples"/>
        <method signature="groupExamples.testCaseTwo()[pri:0, instance:Bai3.groupExamples@31fa1761]" name="testCaseTwo" class="Bai3.groupExamples"/>
      </group> <!-- Regression -->
    </groups>
    <test started-at="2022-03-11T22:53:46 ICT" name="testing" finished-at="2022-03-11T22:53:46 ICT" duration-ms="116">
      <class name="Bai3.groupExamples">
        <test-method signature="testCaseFour()[pri:0, instance:Bai3.groupExamples@31fa1761]" started-at="2022-03-11T22:53:46 ICT" name="testCaseFour" finished-at="2022-03-11T22:53:46 ICT" duration-ms="12" status="PASS">
          <reporter-output>
          </reporter-output>
        </test-method> <!-- testCaseFour -->
        <test-method signature="testCaseOne()[pri:0, instance:Bai3.groupExamples@31fa1761]" started-at="2022-03-11T22:53:46 ICT" name="testCaseOne" finished-at="2022-03-11T22:53:46 ICT" duration-ms="2" status="PASS">
          <reporter-output>
          </reporter-output>
        </test-method> <!-- testCaseOne -->
        <test-method signature="testCaseThree()[pri:0, instance:Bai3.groupExamples@31fa1761]" started-at="2022-03-11T22:53:46 ICT" name="testCaseThree" finished-at="2022-03-11T22:53:46 ICT" duration-ms="2" status="PASS">
          <reporter-output>
          </reporter-output>
        </test-method> <!-- testCaseThree -->
        <test-method signature="testCaseTwo()[pri:0, instance:Bai3.groupExamples@31fa1761]" started-at="2022-03-11T22:53:46 ICT" name="testCaseTwo" finished-at="2022-03-11T22:53:46 ICT" duration-ms="2" status="PASS">
          <reporter-output>
          </reporter-output>
        </test-method> <!-- testCaseTwo -->
      </class> <!-- Bai3.groupExamples -->
    </test> <!-- testing -->
  </suite> <!-- Sample Suite -->
</testng-results>
